Arguments: 
  /usr/local/Cellar/node/16.10.0_1/bin/node /usr/local/bin/yarn add -D @types/node @types/express

PATH: 
  /usr/local/bin:/usr/bin:/bin:/usr/sbin:/sbin:/Library/TeX/texbin:/usr/local/go/bin:/usr/local/munki:/Library/Apple/usr/bin:/Users/davidbasabe/Documents/nightfall/toolbox/bin

Yarn version: 
  1.22.4

Node version: 
  16.10.0

Platform: 
  darwin x64

Trace: 
  Error: https://registry.yarnpkg.com/@types%2fnode: ETIMEDOUT
      at Timeout._onTimeout (/usr/local/lib/node_modules/yarn/lib/cli.js:141408:19)
      at listOnTimeout (node:internal/timers:557:17)
      at processTimers (node:internal/timers:500:7)

npm manifest: 
  {
    "name": "ebasabe-backend",
    "version": "1.0.0",
    "description": "Backend for ebasabe website",
    "main": "index.js",
    "scripts": {
      "test": "npm start"
    },
    "author": "David Basabe",
    "license": "ISC"
  }

yarn manifest: 
  No manifest

Lockfile: 
  No lockfile
